[16:53:13][PluginLoader][WARNING] Plugins directory not found.
[16:53:13][ProcessManager][WARNING] Failed to read PIDs: pid-list.txt (The system cannot find the file specified)
[16:53:13][NATTCore][INFO] NATT CORE initialization done
Version: 1.7.0 
Configuration path: https://gitlab.com/ap5vs/test-config/telnet-client-config/-/raw/main/test-config-2.yaml?ref_type=heads
Configuration loading mode: FROM URL
[16:53:13][NATTCore][INFO] Working directory path: C:\Users\Fidga\Desktop\Files\School\Java\2\telnet-client
[16:53:13][NATTCore][INFO] Start loading of the configuration file ...
[16:53:14][NetworkIO][INFO] Yaml data has been loaded from network location (https://gitlab.com/ap5vs/test-config/telnet-client-config/-/raw/main/test-config-2.yaml?ref_type=heads)
[16:53:14][NATTCore][INFO] Configuration loading done
[16:53:14][NATTCore][INFO] Start building test structure according to the configuration ...
[16:53:14][NATTCore][INFO] Test structure ...
[16:53:14][NATTCore][INFO] Test structure building done
[16:53:14][NATTCore][INFO] Start test executing ...
[16:53:14][TestReportGenerator][INFO] Extenet reports generated. Final report will be saved to file: test_report.html
[16:53:14][NATTCore][INFO] Starts execution on the root keyword  ...
[16:53:14][MessageBuffer][INFO] Message buffer created for module with name: tel-server-1
[16:53:14][TelnetServer][INFO] (tel-server-1) Server socket is listening on port 9999
[16:53:14][MessageBuffer][INFO] Message buffer created for module with name: default
[16:53:14][ExternalProgramRunner][INFO] (default) Run external app with command: java -jar app/build/libs/app.jar localhost 9999
[16:53:14][ProcessManager][INFO] New PID (7004) added to file
[16:53:14][WaitKw][INFO] Waiting: 200 ms
[16:53:14][ProcessManager][INFO] PID (7004) removed from file
[16:53:14][ExternalProgramRunner][WARNING] (default) External application ends with error: 1
[16:53:14][ExternalProgramRunner][WARNING] (default) Error message from external application: Error: Unable to access jarfile app/build/libs/app.jar

[16:53:14][TestSuiteKw][INFO] Test case 'Test odesl√°n√≠ zpr√°vy 1' starts executing now
[16:53:14][ExternalProgramRunner][WARNING] (default) Failed to send data. External app is not running now!
[16:53:14][WaitKw][INFO] Waiting: 500 ms
[16:53:15][ExternalProgramRunner][WARNING] (default) Failed to send data. External app is not running now!
[16:53:15][WaitKw][INFO] Waiting: 1200 ms
[16:53:16][NATTContext][INFO] Data has been stored in to the variable 'var-1'. Data value: 
[16:53:16][NATTContext][INFO] Data has been stored in to the variable 'var-2'. Data value: 
[16:53:16][AssertEqualsKw][WARNING] Assertion failed. True was expected as the result. Condition: (Value of variable '' must equals expected text 'This is test message 1')
[16:53:16][AssertEqualsKw][WARNING] Assertion failed. True was expected as the result. Condition: (Value of variable '' must equals expected text 'Next test message')
[16:53:16][TestSuiteKw][ERROR] Test suite 'Testov√°n√≠ odes√≠l√°n√≠ zpr√°v' - Test case 'Test odesl√°n√≠ zpr√°vy 1' failed
[16:53:16][MessageBuffer][INFO] Message buffer cleared
[16:53:17][TestSuiteKw][INFO] Test case 'Test odesl√°n√≠ zpr√°vy 2' starts executing now
[16:53:17][ExternalProgramRunner][WARNING] (default) Failed to send data. External app is not running now!
[16:53:17][ExternalProgramRunner][WARNING] (default) Failed to send data. External app is not running now!
[16:53:17][ExternalProgramRunner][WARNING] (default) Failed to send data. External app is not running now!
[16:53:17][ExternalProgramRunner][WARNING] (default) Failed to send data. External app is not running now!
[16:53:17][ExternalProgramRunner][WARNING] (default) Failed to send data. External app is not running now!
[16:53:17][WaitKw][INFO] Waiting: 1200 ms
[16:53:18][NATTContext][INFO] Data has been stored in to the variable 'var-1'. Data value: 
[16:53:18][AssertEqualsKw][WARNING] Assertion failed. True was expected as the result. Condition: (Value of variable '' must equals expected text 'This is test message 3')
[16:53:18][NATTContext][INFO] Data has been stored in to the variable 'var-2'. Data value: 0
[16:53:18][AssertEqualsKw][WARNING] Assertion failed. True was expected as the result. Condition: (Expected value '5,000000' must be same as the value of the variable '0')
[16:53:18][TestSuiteKw][ERROR] Test suite 'Testov√°n√≠ odes√≠l√°n√≠ zpr√°v' - Test case 'Test odesl√°n√≠ zpr√°vy 2' failed
[16:53:18][MessageBuffer][INFO] Message buffer cleared
[16:53:18][TestSuiteKw][INFO] Test case 'Test odesl√°n√≠ zpr√°vy 3' starts executing now
[16:53:18][ExternalProgramRunner][WARNING] (default) Failed to send data. External app is not running now!
[16:53:18][ExternalProgramRunner][WARNING] (default) Failed to send data. External app is not running now!
[16:53:18][ExternalProgramRunner][WARNING] (default) Failed to send data. External app is not running now!
[16:53:18][WaitKw][INFO] Waiting: 1200 ms
[16:53:20][NATTContext][INFO] Data has been stored in to the variable 'var-1'. Data value: 
[16:53:20][TestSuiteKw][ERROR] Test suite 'Testov√°n√≠ odes√≠l√°n√≠ zpr√°v' - Test case 'Test odesl√°n√≠ zpr√°vy 3' failed
[16:53:20][MessageBuffer][INFO] Message buffer cleared
[16:53:21][MessageBuffer][INFO] Message buffer cleared
[16:53:21][ExternalProgramRunner][INFO] (default) Run external app with command: java -jar app/build/libs/app.jar localhost 9999
[16:53:21][ProcessManager][INFO] New PID (800) added to file
[16:53:21][WaitKw][INFO] Waiting: 200 ms
[16:53:21][ProcessManager][INFO] PID (800) removed from file
[16:53:21][ExternalProgramRunner][WARNING] (default) External application ends with error: 1
[16:53:21][ExternalProgramRunner][WARNING] (default) Error message from external application: Error: Unable to access jarfile app/build/libs/app.jar

[16:53:21][TestSuiteKw][INFO] Test case 'Test p≈ôij√≠m√°n√≠ zpr√°v 1' starts executing now
[16:53:21][TelnetServer][INFO] (tel-server-1) Message send: This is message from server
[16:53:21][WaitKw][INFO] Waiting: 1200 ms
[16:53:22][NATTContext][INFO] Data has been stored in to the variable 'var-1'. Data value: 
[16:53:22][AssertEqualsKw][WARNING] Assertion failed. True was expected as the result. Condition: (Value of variable '' must equals expected text 'This is message from server')
[16:53:22][TestSuiteKw][ERROR] Test suite 'Testov√°n√≠ p≈ôij√≠m√°n√≠ zpr√°v' - Test case 'Test p≈ôij√≠m√°n√≠ zpr√°v 1' failed
[16:53:22][MessageBuffer][INFO] Message buffer cleared
[16:53:23][TestSuiteKw][INFO] Test case 'Test p≈ôij√≠m√°n√≠ zpr√°v 2' starts executing now
[16:53:23][TelnetServer][INFO] (tel-server-1) Message send: This is message from server 1
[16:53:23][WaitKw][INFO] Waiting: 400 ms
[16:53:23][TelnetServer][INFO] (tel-server-1) Message send: Next message
[16:53:23][WaitKw][INFO] Waiting: 900 ms
[16:53:24][NATTContext][INFO] Data has been stored in to the variable 'var-1'. Data value: 
[16:53:24][NATTContext][INFO] Data has been stored in to the variable 'var-2'. Data value: 
[16:53:24][AssertEqualsKw][WARNING] Assertion failed. True was expected as the result. Condition: (Value of variable '' must equals expected text 'This is message from server 1')
[16:53:24][AssertEqualsKw][WARNING] Assertion failed. True was expected as the result. Condition: (Value of variable '' must equals expected text 'Next message')
[16:53:24][TestSuiteKw][ERROR] Test suite 'Testov√°n√≠ p≈ôij√≠m√°n√≠ zpr√°v' - Test case 'Test p≈ôij√≠m√°n√≠ zpr√°v 2' failed
[16:53:24][MessageBuffer][INFO] Message buffer cleared
[16:53:25][MessageBuffer][INFO] Message buffer cleared
[16:53:25][ExternalProgramRunner][INFO] (default) Run external app with command: java -jar app/build/libs/app.jar localhost 9999
[16:53:25][ProcessManager][INFO] New PID (17252) added to file
[16:53:25][WaitKw][INFO] Waiting: 200 ms
[16:53:25][ProcessManager][INFO] PID (17252) removed from file
[16:53:25][ExternalProgramRunner][WARNING] (default) External application ends with error: 1
[16:53:25][ExternalProgramRunner][WARNING] (default) Error message from external application: Error: Unable to access jarfile app/build/libs/app.jar

[16:53:25][TestSuiteKw][INFO] Test case 'Test ukonƒ?en√≠' starts executing now
[16:53:25][ExternalProgramRunner][WARNING] (default) Failed to send data. External app is not running now!
[16:53:25][WaitKw][INFO] Waiting: 1000 ms
[16:53:26][TestSuiteKw][ERROR] Test suite 'Test p≈ô√≠kazu pro ukonƒ?en√≠' - Test case 'Test ukonƒ?en√≠' failed
[16:53:27][MessageBuffer][INFO] Message buffer cleared
[16:53:27][MessageBuffer][INFO] Message buffer cleared
[16:53:27][MessageBuffer][INFO] Message buffer cleared
[16:53:27][TelnetServer][INFO] (tel-server-1) Telnet server [tel-server-1] terminated
[16:53:27][NATTCore][INFO] Test executing finished
[16:53:27][TelnetServer][INFO] (tel-server-1) Server socket closed
[16:53:27][NATTCore][INFO] Start generating test report
[16:53:27][TestReportGenerator][INFO] Report saved to file
[16:53:27][NATTCore][WARNING] Failed test cases: "Test odesl√°n√≠ zpr√°vy 1", "Test odesl√°n√≠ zpr√°vy 2", "Test odesl√°n√≠ zpr√°vy 3", "Test p≈ôij√≠m√°n√≠ zpr√°v 1", "Test p≈ôij√≠m√°n√≠ zpr√°v 2", "Test ukonƒ?en√≠"
[16:53:27][NATTCore][INFO] Final score: 0,000000
[16:53:27][NATTCore][ERROR] Testing done. Leaving status: FAILED
